<?xml version="1.0" encoding="UTF-8"?>
<testsuite name="retoBanitsmo" tests="2" skipped="0" failures="0" errors="0" timestamp="2021-08-03T17:22:30" hostname="CHPAP8XKWD82" time="75.813">
  <properties/>
  <testcase name="Read a specific PDF document on the banitsmo website" classname="retoBanitsmo" time="41.785"/>
  <testcase name="Download a specific PDF document on the Banistmo page" classname="retoBanitsmo" time="33.996"/>
  <system-out><![CDATA[]]></system-out>
  <system-err><![CDATA[[Test worker] WARN net.thucydides.core.steps.BaseStepListener - stepStarted: net.thucydides.core.steps.ExecutedStepDescription@597d52c6
[Test worker] WARN net.thucydides.core.steps.BaseStepListener - stepStarted: net.thucydides.core.steps.ExecutedStepDescription@132f4aea
[Test worker] WARN net.thucydides.core.steps.BaseStepListener - stepStarted: net.thucydides.core.steps.ExecutedStepDescription@bf73cc2
ago 03, 2021 12:22:32 PM org.openqa.selenium.remote.DesiredCapabilities chrome
INFORMACIÓN: Using `new ChromeOptions()` is preferred to `DesiredCapabilities.chrome()`
[Test worker] INFO net.serenitybdd.core.webdriver.driverproviders.ProvideNewDriver - Instantiating driver
[Test worker] INFO net.serenitybdd.core.webdriver.driverproviders.ProvideNewDriver - Driver capabilities: Capabilities {acceptInsecureCerts: false, browserName: chrome, goog:chromeOptions: {args: [], extensions: []}, loggingPrefs: org.openqa.selenium.logging..., platform: ANY, version: }
Starting ChromeDriver 91.0.4472.101 (af52a90bf87030dd1523486a1cd3ae25c5d76c9b-refs/branch-heads/4472@{#1462}) on port 38587
Only local connections are allowed.
Please see https://chromedriver.chromium.org/security-considerations for suggestions on keeping ChromeDriver safe.
ChromeDriver was started successfully.
[1628011358.208][WARNING]: This version of ChromeDriver has not been tested with Chrome version 92.
ago 03, 2021 12:22:39 PM org.openqa.selenium.remote.ProtocolHandshake createSession
INFORMACIÓN: Detected dialect: W3C
[Test worker] WARN net.thucydides.core.steps.BaseStepListener - stepFinished: current outcome:Read a specific PDF document on the banitsmo website:Given that Dante wants read a specific pdf documents he enters the Banitsmo page [Dante open up [Dante opens the Banitsmo page]]
[Test worker] WARN net.thucydides.core.steps.BaseStepListener - stepFinished: current outcome:Read a specific PDF document on the banitsmo website:Given that Dante wants read a specific pdf documents he enters the Banitsmo page [Dante open up [Dante opens the Banitsmo page]]
[Test worker] WARN net.thucydides.core.steps.BaseStepListener - stepFinished: current outcome:Read a specific PDF document on the banitsmo website:Given that Dante wants read a specific pdf documents he enters the Banitsmo page [Dante open up [Dante opens the Banitsmo page]]
[Test worker] WARN net.thucydides.core.steps.BaseStepListener - stepStarted: net.thucydides.core.steps.ExecutedStepDescription@4affd046
[Test worker] WARN net.thucydides.core.steps.BaseStepListener - stepStarted: net.thucydides.core.steps.ExecutedStepDescription@35c9b675
[Test worker] WARN net.thucydides.core.steps.BaseStepListener - stepStarted: net.thucydides.core.steps.ExecutedStepDescription@62308448
[Test worker] WARN net.thucydides.core.steps.BaseStepListener - stepFinished: current outcome:Read a specific PDF document on the banitsmo website:Given that Dante wants read a specific pdf documents he enters the Banitsmo page [Dante open up [Dante opens the Banitsmo page]], When he searched for the pdf document and read it [Dante search document [Dante clicks on Button that we go to the next page]]
[Test worker] WARN net.thucydides.core.steps.BaseStepListener - stepStarted: net.thucydides.core.steps.ExecutedStepDescription@60e88ff0
[Test worker] WARN net.thucydides.core.steps.BaseStepListener - stepFinished: current outcome:Read a specific PDF document on the banitsmo website:Given that Dante wants read a specific pdf documents he enters the Banitsmo page [Dante open up [Dante opens the Banitsmo page]], When he searched for the pdf document and read it [Dante search document [Dante clicks on Button that we go to the next page, Dante clicks on Button that show more info about Legales]]
[Test worker] WARN net.thucydides.core.steps.BaseStepListener - stepStarted: net.thucydides.core.steps.ExecutedStepDescription@76546622
[Test worker] WARN net.thucydides.core.steps.BaseStepListener - stepFinished: current outcome:Read a specific PDF document on the banitsmo website:Given that Dante wants read a specific pdf documents he enters the Banitsmo page [Dante open up [Dante opens the Banitsmo page]], When he searched for the pdf document and read it [Dante search document [Dante clicks on Button that we go to the next page, Dante clicks on Button that show more info about Legales, Dante clicks on Button that show more info about Legales]]
[Test worker] WARN net.thucydides.core.steps.BaseStepListener - stepStarted: net.thucydides.core.steps.ExecutedStepDescription@774afa62
[Test worker] WARN net.thucydides.core.steps.BaseStepListener - stepFinished: current outcome:Read a specific PDF document on the banitsmo website:Given that Dante wants read a specific pdf documents he enters the Banitsmo page [Dante open up [Dante opens the Banitsmo page]], When he searched for the pdf document and read it [Dante search document [Dante clicks on Button that we go to the next page, Dante clicks on Button that show more info about Legales, Dante clicks on Button that show more info about Legales, Dante clicks on Button that show the pdf document]]
[Test worker] WARN net.thucydides.core.steps.BaseStepListener - stepStarted: net.thucydides.core.steps.ExecutedStepDescription@3ae80896
[Test worker] WARN net.thucydides.core.steps.BaseStepListener - stepFinished: current outcome:Read a specific PDF document on the banitsmo website:Given that Dante wants read a specific pdf documents he enters the Banitsmo page [Dante open up [Dante opens the Banitsmo page]], When he searched for the pdf document and read it [Dante search document [Dante clicks on Button that we go to the next page, Dante clicks on Button that show more info about Legales, Dante clicks on Button that show more info about Legales, Dante clicks on Button that show the pdf document, Dante go to window]]
[Test worker] WARN net.thucydides.core.steps.BaseStepListener - stepFinished: current outcome:Read a specific PDF document on the banitsmo website:Given that Dante wants read a specific pdf documents he enters the Banitsmo page [Dante open up [Dante opens the Banitsmo page]], When he searched for the pdf document and read it [Dante search document [Dante clicks on Button that we go to the next page, Dante clicks on Button that show more info about Legales, Dante clicks on Button that show more info about Legales, Dante clicks on Button that show the pdf document, Dante go to window]]
[Test worker] WARN net.thucydides.core.steps.BaseStepListener - stepFinished: current outcome:Read a specific PDF document on the banitsmo website:Given that Dante wants read a specific pdf documents he enters the Banitsmo page [Dante open up [Dante opens the Banitsmo page]], When he searched for the pdf document and read it [Dante search document [Dante clicks on Button that we go to the next page, Dante clicks on Button that show more info about Legales, Dante clicks on Button that show more info about Legales, Dante clicks on Button that show the pdf document, Dante go to window]]
[Test worker] WARN net.thucydides.core.steps.BaseStepListener - stepStarted: net.thucydides.core.steps.ExecutedStepDescription@6c74b9cb
[Test worker] WARN net.thucydides.core.steps.BaseStepListener - stepStarted: net.thucydides.core.steps.ExecutedStepDescription@b573562
[Test worker] WARN net.thucydides.core.steps.BaseStepListener - stepFinished: current outcome:Read a specific PDF document on the banitsmo website:Given that Dante wants read a specific pdf documents he enters the Banitsmo page [Dante open up [Dante opens the Banitsmo page]], When he searched for the pdf document and read it [Dante search document [Dante clicks on Button that we go to the next page, Dante clicks on Button that show more info about Legales, Dante clicks on Button that show more info about Legales, Dante clicks on Button that show the pdf document, Dante go to window]], Then he verified that it is PJ+Autocertificacion+unificado pdf document [Then answer]
[Test worker] WARN net.thucydides.core.steps.BaseStepListener - stepFinished: current outcome:Read a specific PDF document on the banitsmo website:Given that Dante wants read a specific pdf documents he enters the Banitsmo page [Dante open up [Dante opens the Banitsmo page]], When he searched for the pdf document and read it [Dante search document [Dante clicks on Button that we go to the next page, Dante clicks on Button that show more info about Legales, Dante clicks on Button that show more info about Legales, Dante clicks on Button that show the pdf document, Dante go to window]], Then he verified that it is PJ+Autocertificacion+unificado pdf document [Then answer]
[Test worker] WARN net.thucydides.core.steps.BaseStepListener - testFinished: Read a specific PDF document on the banitsmo website:Given that Dante wants read a specific pdf documents he enters the Banitsmo page [Dante open up [Dante opens the Banitsmo page]], When he searched for the pdf document and read it [Dante search document [Dante clicks on Button that we go to the next page, Dante clicks on Button that show more info about Legales, Dante clicks on Button that show more info about Legales, Dante clicks on Button that show the pdf document, Dante go to window]], Then he verified that it is PJ+Autocertificacion+unificado pdf document [Then answer]
[Test worker] WARN net.thucydides.core.steps.BaseStepListener - TestOutcomes: [Read a specific PDF document on the banitsmo website:Given that Dante wants read a specific pdf documents he enters the Banitsmo page [Dante open up [Dante opens the Banitsmo page]], When he searched for the pdf document and read it [Dante search document [Dante clicks on Button that we go to the next page, Dante clicks on Button that show more info about Legales, Dante clicks on Button that show more info about Legales, Dante clicks on Button that show the pdf document, Dante go to window]], Then he verified that it is PJ+Autocertificacion+unificado pdf document [Then answer]]
[Test worker] WARN net.thucydides.core.steps.BaseStepListener - Final testOutcomes: [Read a specific PDF document on the banitsmo website:Given that Dante wants read a specific pdf documents he enters the Banitsmo page [Dante open up [Dante opens the Banitsmo page]], When he searched for the pdf document and read it [Dante search document [Dante clicks on Button that we go to the next page, Dante clicks on Button that show more info about Legales, Dante clicks on Button that show more info about Legales, Dante clicks on Button that show the pdf document, Dante go to window]], Then he verified that it is PJ+Autocertificacion+unificado pdf document [Then answer]]
[Test worker] INFO net.thucydides.core.steps.ConsoleLoggingListener - 
        __    _____ _____ ____ _____   ____   _    ____  ____  _____ ____  
  _     \ \  |_   _| ____/ ___|_   _| |  _ \ / \  / ___|/ ___|| ____|  _ \ 
 (_)_____| |   | | |  _| \___ \ | |   | |_) / _ \ \___ \\___ \|  _| | | | |
  _|_____| |   | | | |___ ___) || |   |  __/ ___ \ ___) |___) | |___| |_| |
 (_)     | |   |_| |_____|____/ |_|   |_| /_/   \_\____/|____/|_____|____/ 
        /_/                                                                

TEST PASSED: Read a specific PDF document on the banitsmo website
----------------------------------------------------------------------------
[Test worker] WARN net.thucydides.core.steps.BaseStepListener - stepStarted: net.thucydides.core.steps.ExecutedStepDescription@686f53a3
[Test worker] WARN net.thucydides.core.steps.BaseStepListener - stepStarted: net.thucydides.core.steps.ExecutedStepDescription@6b8100f0
[Test worker] WARN net.thucydides.core.steps.BaseStepListener - stepStarted: net.thucydides.core.steps.ExecutedStepDescription@1c56361f
ago 03, 2021 12:23:12 PM org.openqa.selenium.remote.DesiredCapabilities chrome
INFORMACIÓN: Using `new ChromeOptions()` is preferred to `DesiredCapabilities.chrome()`
[Test worker] INFO net.serenitybdd.core.webdriver.driverproviders.ProvideNewDriver - Instantiating driver
[Test worker] INFO net.serenitybdd.core.webdriver.driverproviders.ProvideNewDriver - Driver capabilities: Capabilities {acceptInsecureCerts: false, browserName: chrome, goog:chromeOptions: {args: [], extensions: []}, loggingPrefs: org.openqa.selenium.logging..., platform: ANY, version: }
Starting ChromeDriver 91.0.4472.101 (af52a90bf87030dd1523486a1cd3ae25c5d76c9b-refs/branch-heads/4472@{#1462}) on port 45556
Only local connections are allowed.
Please see https://chromedriver.chromium.org/security-considerations for suggestions on keeping ChromeDriver safe.
ChromeDriver was started successfully.
[1628011394.798][WARNING]: This version of ChromeDriver has not been tested with Chrome version 92.
ago 03, 2021 12:23:15 PM org.openqa.selenium.remote.ProtocolHandshake createSession
INFORMACIÓN: Detected dialect: W3C
[Test worker] WARN net.thucydides.core.steps.BaseStepListener - stepFinished: current outcome:Download a specific PDF document on the Banistmo page:Given that Dante wants download a specific pdf documents he enters the Banitsmo page [Dante open up [Dante opens the Banitsmo page]]
[Test worker] WARN net.thucydides.core.steps.BaseStepListener - stepFinished: current outcome:Download a specific PDF document on the Banistmo page:Given that Dante wants download a specific pdf documents he enters the Banitsmo page [Dante open up [Dante opens the Banitsmo page]]
[Test worker] WARN net.thucydides.core.steps.BaseStepListener - stepFinished: current outcome:Download a specific PDF document on the Banistmo page:Given that Dante wants download a specific pdf documents he enters the Banitsmo page [Dante open up [Dante opens the Banitsmo page]]
[Test worker] WARN net.thucydides.core.steps.BaseStepListener - stepStarted: net.thucydides.core.steps.ExecutedStepDescription@1eeb2db2
[Test worker] WARN net.thucydides.core.steps.BaseStepListener - stepStarted: net.thucydides.core.steps.ExecutedStepDescription@6580f06
[Test worker] WARN net.thucydides.core.steps.BaseStepListener - stepStarted: net.thucydides.core.steps.ExecutedStepDescription@7ccf72a
[Test worker] WARN net.thucydides.core.steps.BaseStepListener - stepFinished: current outcome:Download a specific PDF document on the Banistmo page:Given that Dante wants download a specific pdf documents he enters the Banitsmo page [Dante open up [Dante opens the Banitsmo page]], When he searched for the pdf document and downloaded it [Dante search momentos [Dante clicks on Button that we go to the next page]]
[Test worker] WARN net.thucydides.core.steps.BaseStepListener - stepStarted: net.thucydides.core.steps.ExecutedStepDescription@4f9ce5d3
[Test worker] WARN net.thucydides.core.steps.BaseStepListener - stepFinished: current outcome:Download a specific PDF document on the Banistmo page:Given that Dante wants download a specific pdf documents he enters the Banitsmo page [Dante open up [Dante opens the Banitsmo page]], When he searched for the pdf document and downloaded it [Dante search momentos [Dante clicks on Button that we go to the next page, Dante clicks on Button that we go to the next page]]
[Test worker] WARN net.thucydides.core.steps.BaseStepListener - stepStarted: net.thucydides.core.steps.ExecutedStepDescription@97fb480
[Test worker] WARN net.thucydides.core.steps.BaseStepListener - stepFinished: current outcome:Download a specific PDF document on the Banistmo page:Given that Dante wants download a specific pdf documents he enters the Banitsmo page [Dante open up [Dante opens the Banitsmo page]], When he searched for the pdf document and downloaded it [Dante search momentos [Dante clicks on Button that we go to the next page, Dante clicks on Button that we go to the next page, Dante clicks on Button that we go to the next page]]
[Test worker] WARN net.thucydides.core.steps.BaseStepListener - stepStarted: net.thucydides.core.steps.ExecutedStepDescription@385bf9fc
[Test worker] WARN net.thucydides.core.steps.BaseStepListener - stepFinished: current outcome:Download a specific PDF document on the Banistmo page:Given that Dante wants download a specific pdf documents he enters the Banitsmo page [Dante open up [Dante opens the Banitsmo page]], When he searched for the pdf document and downloaded it [Dante search momentos [Dante clicks on Button that we go to the next page, Dante clicks on Button that we go to the next page, Dante clicks on Button that we go to the next page, Dante go to window]]
[Test worker] WARN net.thucydides.core.steps.BaseStepListener - stepFinished: current outcome:Download a specific PDF document on the Banistmo page:Given that Dante wants download a specific pdf documents he enters the Banitsmo page [Dante open up [Dante opens the Banitsmo page]], When he searched for the pdf document and downloaded it [Dante search momentos [Dante clicks on Button that we go to the next page, Dante clicks on Button that we go to the next page, Dante clicks on Button that we go to the next page, Dante go to window]]
[Test worker] WARN net.thucydides.core.steps.BaseStepListener - stepFinished: current outcome:Download a specific PDF document on the Banistmo page:Given that Dante wants download a specific pdf documents he enters the Banitsmo page [Dante open up [Dante opens the Banitsmo page]], When he searched for the pdf document and downloaded it [Dante search momentos [Dante clicks on Button that we go to the next page, Dante clicks on Button that we go to the next page, Dante clicks on Button that we go to the next page, Dante go to window]]
[Test worker] WARN net.thucydides.core.steps.BaseStepListener - stepStarted: net.thucydides.core.steps.ExecutedStepDescription@6326410f
[Test worker] WARN net.thucydides.core.steps.BaseStepListener - stepStarted: net.thucydides.core.steps.ExecutedStepDescription@7af573d8
[Test worker] WARN net.thucydides.core.steps.BaseStepListener - stepFinished: current outcome:Download a specific PDF document on the Banistmo page:Given that Dante wants download a specific pdf documents he enters the Banitsmo page [Dante open up [Dante opens the Banitsmo page]], When he searched for the pdf document and downloaded it [Dante search momentos [Dante clicks on Button that we go to the next page, Dante clicks on Button that we go to the next page, Dante clicks on Button that we go to the next page, Dante go to window]], Then verified that it is MOMENTOS+DE+BIENESTAR pdf document [Then answer momentos]
[Test worker] WARN net.thucydides.core.steps.BaseStepListener - stepFinished: current outcome:Download a specific PDF document on the Banistmo page:Given that Dante wants download a specific pdf documents he enters the Banitsmo page [Dante open up [Dante opens the Banitsmo page]], When he searched for the pdf document and downloaded it [Dante search momentos [Dante clicks on Button that we go to the next page, Dante clicks on Button that we go to the next page, Dante clicks on Button that we go to the next page, Dante go to window]], Then verified that it is MOMENTOS+DE+BIENESTAR pdf document [Then answer momentos]
[Test worker] WARN net.thucydides.core.steps.BaseStepListener - testFinished: Download a specific PDF document on the Banistmo page:Given that Dante wants download a specific pdf documents he enters the Banitsmo page [Dante open up [Dante opens the Banitsmo page]], When he searched for the pdf document and downloaded it [Dante search momentos [Dante clicks on Button that we go to the next page, Dante clicks on Button that we go to the next page, Dante clicks on Button that we go to the next page, Dante go to window]], Then verified that it is MOMENTOS+DE+BIENESTAR pdf document [Then answer momentos]
[Test worker] WARN net.thucydides.core.steps.BaseStepListener - TestOutcomes: [Read a specific PDF document on the banitsmo website:Given that Dante wants read a specific pdf documents he enters the Banitsmo page [Dante open up [Dante opens the Banitsmo page]], When he searched for the pdf document and read it [Dante search document [Dante clicks on Button that we go to the next page, Dante clicks on Button that show more info about Legales, Dante clicks on Button that show more info about Legales, Dante clicks on Button that show the pdf document, Dante go to window]], Then he verified that it is PJ+Autocertificacion+unificado pdf document [Then answer], Download a specific PDF document on the Banistmo page:Given that Dante wants download a specific pdf documents he enters the Banitsmo page [Dante open up [Dante opens the Banitsmo page]], When he searched for the pdf document and downloaded it [Dante search momentos [Dante clicks on Button that we go to the next page, Dante clicks on Button that we go to the next page, Dante clicks on Button that we go to the next page, Dante go to window]], Then verified that it is MOMENTOS+DE+BIENESTAR pdf document [Then answer momentos]]
[Test worker] WARN net.thucydides.core.steps.BaseStepListener - Final testOutcomes: [Read a specific PDF document on the banitsmo website:Given that Dante wants read a specific pdf documents he enters the Banitsmo page [Dante open up [Dante opens the Banitsmo page]], When he searched for the pdf document and read it [Dante search document [Dante clicks on Button that we go to the next page, Dante clicks on Button that show more info about Legales, Dante clicks on Button that show more info about Legales, Dante clicks on Button that show the pdf document, Dante go to window]], Then he verified that it is PJ+Autocertificacion+unificado pdf document [Then answer], Download a specific PDF document on the Banistmo page:Given that Dante wants download a specific pdf documents he enters the Banitsmo page [Dante open up [Dante opens the Banitsmo page]], When he searched for the pdf document and downloaded it [Dante search momentos [Dante clicks on Button that we go to the next page, Dante clicks on Button that we go to the next page, Dante clicks on Button that we go to the next page, Dante go to window]], Then verified that it is MOMENTOS+DE+BIENESTAR pdf document [Then answer momentos]]
[Test worker] INFO net.thucydides.core.steps.ConsoleLoggingListener - 
        __    _____ _____ ____ _____   ____   _    ____  ____  _____ ____  
  _     \ \  |_   _| ____/ ___|_   _| |  _ \ / \  / ___|/ ___|| ____|  _ \ 
 (_)_____| |   | | |  _| \___ \ | |   | |_) / _ \ \___ \\___ \|  _| | | | |
  _|_____| |   | | | |___ ___) || |   |  __/ ___ \ ___) |___) | |___| |_| |
 (_)     | |   |_| |_____|____/ |_|   |_| /_/   \_\____/|____/|_____|____/ 
        /_/                                                                

TEST PASSED: Download a specific PDF document on the Banistmo page
----------------------------------------------------------------------------
]]></system-err>
</testsuite>
